{"total": {"lines":{"total":97,"covered":25,"skipped":0,"pct":25.77},"statements":{"total":102,"covered":25,"skipped":0,"pct":24.5},"functions":{"total":11,"covered":0,"skipped":0,"pct":0},"branches":{"total":11,"covered":0,"skipped":0,"pct":0},"branchesTrue":{"total":0,"covered":0,"skipped":0,"pct":100}}
,"C:\\Users\\kinut\\Documents\\Personal\\Winston\\rsa-sprint3\\src\\config\\db.js": {"lines":{"total":8,"covered":0,"skipped":0,"pct":0},"functions":{"total":1,"covered":0,"skipped":0,"pct":0},"statements":{"total":8,"covered":0,"skipped":0,"pct":0},"branches":{"total":0,"covered":0,"skipped":0,"pct":100}}
,"C:\\Users\\kinut\\Documents\\Personal\\Winston\\rsa-sprint3\\src\\config\\jwt.js": {"lines":{"total":1,"covered":0,"skipped":0,"pct":0},"functions":{"total":0,"covered":0,"skipped":0,"pct":100},"statements":{"total":1,"covered":0,"skipped":0,"pct":0},"branches":{"total":0,"covered":0,"skipped":0,"pct":100}}
,"C:\\Users\\kinut\\Documents\\Personal\\Winston\\rsa-sprint3\\src\\controllers\\authController.js": {"lines":{"total":25,"covered":6,"skipped":0,"pct":24},"functions":{"total":2,"covered":0,"skipped":0,"pct":0},"statements":{"total":28,"covered":6,"skipped":0,"pct":21.42},"branches":{"total":6,"covered":0,"skipped":0,"pct":0}}
,"C:\\Users\\kinut\\Documents\\Personal\\Winston\\rsa-sprint3\\src\\controllers\\userController.js": {"lines":{"total":6,"covered":0,"skipped":0,"pct":0},"functions":{"total":1,"covered":0,"skipped":0,"pct":0},"statements":{"total":6,"covered":0,"skipped":0,"pct":0},"branches":{"total":0,"covered":0,"skipped":0,"pct":100}}
,"C:\\Users\\kinut\\Documents\\Personal\\Winston\\rsa-sprint3\\src\\middleware\\authMiddleware.js": {"lines":{"total":10,"covered":0,"skipped":0,"pct":0},"functions":{"total":1,"covered":0,"skipped":0,"pct":0},"statements":{"total":11,"covered":0,"skipped":0,"pct":0},"branches":{"total":2,"covered":0,"skipped":0,"pct":0}}
,"C:\\Users\\kinut\\Documents\\Personal\\Winston\\rsa-sprint3\\src\\models\\ChatMessage.js": {"lines":{"total":3,"covered":3,"skipped":0,"pct":100},"functions":{"total":0,"covered":0,"skipped":0,"pct":100},"statements":{"total":3,"covered":3,"skipped":0,"pct":100},"branches":{"total":0,"covered":0,"skipped":0,"pct":100}}
,"C:\\Users\\kinut\\Documents\\Personal\\Winston\\rsa-sprint3\\src\\models\\RefreshToken.js": {"lines":{"total":3,"covered":3,"skipped":0,"pct":100},"functions":{"total":0,"covered":0,"skipped":0,"pct":100},"statements":{"total":3,"covered":3,"skipped":0,"pct":100},"branches":{"total":0,"covered":0,"skipped":0,"pct":100}}
,"C:\\Users\\kinut\\Documents\\Personal\\Winston\\rsa-sprint3\\src\\models\\User.js": {"lines":{"total":2,"covered":2,"skipped":0,"pct":100},"functions":{"total":0,"covered":0,"skipped":0,"pct":100},"statements":{"total":2,"covered":2,"skipped":0,"pct":100},"branches":{"total":0,"covered":0,"skipped":0,"pct":100}}
,"C:\\Users\\kinut\\Documents\\Personal\\Winston\\rsa-sprint3\\src\\routes\\authRoutes.js": {"lines":{"total":6,"covered":6,"skipped":0,"pct":100},"functions":{"total":0,"covered":0,"skipped":0,"pct":100},"statements":{"total":6,"covered":6,"skipped":0,"pct":100},"branches":{"total":0,"covered":0,"skipped":0,"pct":100}}
,"C:\\Users\\kinut\\Documents\\Personal\\Winston\\rsa-sprint3\\src\\routes\\chatRoutes.js": {"lines":{"total":10,"covered":5,"skipped":0,"pct":50},"functions":{"total":1,"covered":0,"skipped":0,"pct":0},"statements":{"total":10,"covered":5,"skipped":0,"pct":50},"branches":{"total":0,"covered":0,"skipped":0,"pct":100}}
,"C:\\Users\\kinut\\Documents\\Personal\\Winston\\rsa-sprint3\\src\\routes\\userRoutes.js": {"lines":{"total":6,"covered":0,"skipped":0,"pct":0},"functions":{"total":0,"covered":0,"skipped":0,"pct":100},"statements":{"total":6,"covered":0,"skipped":0,"pct":0},"branches":{"total":0,"covered":0,"skipped":0,"pct":100}}
,"C:\\Users\\kinut\\Documents\\Personal\\Winston\\rsa-sprint3\\src\\utils\\generateToken.js": {"lines":{"total":6,"covered":0,"skipped":0,"pct":0},"functions":{"total":2,"covered":0,"skipped":0,"pct":0},"statements":{"total":6,"covered":0,"skipped":0,"pct":0},"branches":{"total":0,"covered":0,"skipped":0,"pct":100}}
,"C:\\Users\\kinut\\Documents\\Personal\\Winston\\rsa-sprint3\\src\\utils\\hashPassword.js": {"lines":{"total":4,"covered":0,"skipped":0,"pct":0},"functions":{"total":1,"covered":0,"skipped":0,"pct":0},"statements":{"total":4,"covered":0,"skipped":0,"pct":0},"branches":{"total":0,"covered":0,"skipped":0,"pct":100}}
,"C:\\Users\\kinut\\Documents\\Personal\\Winston\\rsa-sprint3\\src\\utils\\responseHandler.js": {"lines":{"total":7,"covered":0,"skipped":0,"pct":0},"functions":{"total":2,"covered":0,"skipped":0,"pct":0},"statements":{"total":8,"covered":0,"skipped":0,"pct":0},"branches":{"total":3,"covered":0,"skipped":0,"pct":0}}
}
